<?xml version="1.0" encoding="UTF-8"?>
<settings>
  <localRepository>${locRep}</localRepository>

  <profiles>
    <profile>
      <id>sonartype</id>
      <repositories>
        <repository>
          <id>sonartype.snapshots</id>
          <name>Sonartype Snapshots</name>
          <url>https://oss.sonatype.org/content/repositories/snapshots/</url>
          <releases>
            <enabled>false</enabled>
            <updatePolicy>always</updatePolicy>
          </releases>
          <snapshots>
            <enabled>true</enabled>
            <updatePolicy>always</updatePolicy>
          </snapshots>
        </repository>
      </repositories>
    </profile>
  </profiles>

  <activeProfiles>
    <activeProfile>sonartype</activeProfile>
  </activeProfiles>
</settings>
